2023-03-06 00:31:18,327 - INFO - User martinleontech23@gmail.com logged in successfully
2023-03-06 17:01:45,762 - WARNING - User abdinassirarab003@gmail.com Logg in Attempt Failed
2023-03-06 19:18:40,946 - WARNING - User martinwambugu444@gmail.com Log in Attempt Failed
2023-03-06 21:23:08,513 - INFO - User martinleontech23@gmail.com logged in successfully
2023-03-06 23:15:42,778 - INFO - User martinleontech23@gmail.com logged in successfully
2023-03-07 01:15:44,321 - INFO - User martinleontech23@gmail.com Accessed harriet proposal.pdf
2023-03-07 01:16:11,248 - INFO - User martinleontech23@gmail.com Accessed COSF 424 Criminal investigation Assignment article at HP.pdf
2023-03-08 18:35:41,733 - INFO - User martinleontech23@gmail.com logged in successfully
2023-03-08 19:00:42,638 - INFO - User martinleontech23@gmail.com Access profile successfully
2023-03-08 19:00:58,351 - INFO - User martinleontech23@gmail.com Access profile successfully
2023-03-08 19:01:12,549 - INFO - User martinleontech23@gmail.com Access profile successfully
2023-03-08 19:01:13,742 - INFO - User martinleontech23@gmail.com Access profile successfully
2023-03-08 19:01:14,513 - INFO - User martinleontech23@gmail.com Access profile successfully
2023-03-08 19:01:15,092 - INFO - User martinleontech23@gmail.com Access profile successfully
2023-03-08 19:02:27,857 - INFO - User martinleontech23@gmail.com Access profile successfully
2023-03-08 19:26:00,503 - INFO - User martinleontech23@gmail.com Access profile successfully
2023-03-08 19:29:23,858 - INFO - User martinleontech23@gmail.com Accessed COSF 424 Criminal investigation Assignment article at HP.pdf
2023-03-08 19:29:29,944 - INFO - User martinleontech23@gmail.com Accessed COSF 424 Criminal investigation Assignment article at HP.pdf
2023-03-18 21:13:11,238 - WARNING - User martinleontech23@gmail.com Log in Attempt Failed
2023-03-18 21:13:29,398 - INFO - User martinleontech23@gmail.com logged in successfully
2023-03-18 21:14:29,712 - INFO - User martinleontech23@gmail.com Accessed harriet proposal.pdf
2023-03-18 21:18:33,181 - INFO - User martinleontech23@gmail.com Accessed harriet proposal.pdf
2023-03-18 21:19:03,598 - INFO - User martinleontech23@gmail.com Accessed harriet proposal.pdf
2023-03-18 21:19:59,314 - INFO - User martinleontech23@gmail.com Accessed harriet proposal.pdf
2023-03-18 21:20:31,256 - INFO - User martinleontech23@gmail.com Accessed harriet proposal.pdf
2023-03-18 21:20:56,157 - INFO - User martinleontech23@gmail.com Accessed harriet proposal.pdf
2023-03-18 21:21:17,663 - INFO - User martinleontech23@gmail.com Accessed harriet proposal.pdf
2023-03-18 21:21:55,030 - INFO - User martinleontech23@gmail.com Accessed harriet proposal.pdf
2023-03-19 18:50:42,375 - INFO - User martinleontech23@gmail.com logged in successfully
2023-03-19 18:51:16,821 - INFO - User martinleontech23@gmail.com Accessed harriet proposal.pdf
2023-03-19 18:51:31,331 - INFO - User martinleontech23@gmail.com Accessed COSF 424 Criminal investigation Assignment article at HP.pdf
2023-03-29 12:06:29,855 - INFO - User martinleontech23@gmail.com logged in successfully
2023-03-29 12:08:13,430 - INFO - User martinleontech23@gmail.com Access profile successfully
2023-03-29 12:09:06,232 - INFO - User martinleontech23@gmail.com Access profile successfully
2023-03-29 12:10:28,190 - INFO - User martinleontech23@gmail.com logged in successfully
2023-03-29 12:10:28,199 - INFO - User martinleontech23@gmail.com Access profile successfully
2023-03-29 12:13:11,640 - INFO - User martinleontech23@gmail.com logged in successfully
2023-03-29 12:13:11,673 - INFO - User martinleontech23@gmail.com Access profile successfully
2023-03-29 12:19:33,333 - INFO - User martinleontech23@gmail.com logged in successfully
2023-03-29 12:19:33,343 - INFO - User martinleontech23@gmail.com Access profile successfully
2023-03-29 13:50:52,189 - INFO - User martinleontech23@gmail.com logged in successfully
2023-03-29 13:50:52,198 - INFO - User martinleontech23@gmail.com Access profile successfully
2024-03-13 20:45:27,718 - WARNING - User 21PA5A0501@vishnu.edu.in Log in Attempt Failed
2024-03-13 20:45:37,370 - INFO - User 20pa1a0521@vishnu.edu.in registered successfully
2024-03-13 20:45:44,732 - INFO - User 20pa1a0521@vishnu.edu.in logged in successfully
2024-03-13 20:45:44,754 - INFO - User 20pa1a0521@vishnu.edu.in Access profile successfully
2024-03-13 21:01:57,612 - WARNING - User 21PA5A0501@vishnu.edu.in Log in Attempt Failed
2024-03-13 21:02:04,451 - INFO - User 20pa1a0521@vishnu.edu.in logged in successfully
2024-03-13 21:02:04,463 - INFO - User 20pa1a0521@vishnu.edu.in Access profile successfully
2024-03-13 21:02:34,888 - INFO - User 20pa1a0521@vishnu.edu.in logged in successfully
2024-03-13 21:02:34,898 - INFO - User 20pa1a0521@vishnu.edu.in Access profile successfully
2024-03-13 21:02:37,882 - INFO - User 20pa1a0521@vishnu.edu.in Access profile successfully
2024-03-13 21:04:02,715 - INFO - User 20pa1a0521@vishnu.edu.in logged in successfully
2024-03-13 21:04:02,727 - INFO - User 20pa1a0521@vishnu.edu.in Access profile successfully
2024-03-13 21:05:39,657 - INFO - User 20pa1a0521@vishnu.edu.in logged in successfully
2024-03-13 21:05:39,670 - INFO - User 20pa1a0521@vishnu.edu.in Access profile successfully
2024-03-13 21:18:16,387 - INFO - User 20pa1a0521@vishnu.edu.in logged in successfully
2024-03-13 21:18:16,399 - INFO - User 20pa1a0521@vishnu.edu.in Access profile successfully
2024-03-13 21:19:19,600 - INFO - User 20pa1a0521@vishnu.edu.in logged in successfully
2024-03-13 21:19:19,611 - INFO - User 20pa1a0521@vishnu.edu.in Access profile successfully
2024-03-13 21:24:11,143 - INFO - User 20pa1a0521@vishnu.edu.in logged in successfully
2024-03-13 21:24:11,152 - INFO - User 20pa1a0521@vishnu.edu.in Access profile successfully
2024-03-13 21:25:30,903 - INFO - User 20pa1a0521@vishnu.edu.in logged in successfully
2024-03-13 21:25:30,916 - INFO - User 20pa1a0521@vishnu.edu.in Access profile successfully
2024-03-13 21:33:37,442 - INFO - User 20pa1a0521@vishnu.edu.in logged in successfully
2024-03-13 21:33:37,454 - INFO - User 20pa1a0521@vishnu.edu.in Access profile successfully
2024-03-13 21:34:07,378 - INFO - User 20pa1a0521@vishnu.edu.in logged in successfully
2024-03-13 21:34:07,386 - INFO - User 20pa1a0521@vishnu.edu.in Access profile successfully
2024-03-13 21:48:55,740 - INFO - User 20pa1a0521@vishnu.edu.in logged in successfully
2024-03-13 21:48:55,747 - INFO - User 20pa1a0521@vishnu.edu.in Access profile successfully
2024-03-13 21:53:57,612 - INFO - User 20pa1a0521@vishnu.edu.in logged in successfully
2024-03-13 21:53:57,619 - INFO - User 20pa1a0521@vishnu.edu.in Access profile successfully
2024-03-13 21:59:21,945 - INFO - User 20pa1a0521@vishnu.edu.in logged in successfully
2024-03-13 21:59:21,951 - INFO - User 20pa1a0521@vishnu.edu.in Access profile successfully
2024-03-13 22:01:19,750 - INFO - User 20pa1a0521@vishnu.edu.in logged in successfully
2024-03-13 22:01:19,762 - INFO - User 20pa1a0521@vishnu.edu.in Access profile successfully
2024-03-13 22:01:29,381 - INFO - User 20pa1a0521@vishnu.edu.in Accessed document.pdf
2024-03-14 09:39:44,460 - INFO - User 20pa1a0521@vishnu.edu.in logged in successfully
2024-03-14 09:39:44,470 - INFO - User 20pa1a0521@vishnu.edu.in Access profile successfully
2024-03-14 09:40:19,685 - INFO - User 20pa1a0521@vishnu.edu.in Accessed document.pdf
2024-03-14 09:42:43,057 - INFO - User 20pa1a0521@vishnu.edu.in Accessed Domain wise projects.pdf
2024-03-21 17:59:41,027 - INFO - User 20pa1a0521@vishnu.edu.in logged in successfully
2024-03-21 17:59:41,036 - INFO - User 20pa1a0521@vishnu.edu.in Access profile successfully
2024-03-21 18:00:48,587 - INFO - User 20pa1a0521@vishnu.edu.in Accessed Domain wise projects.pdf
2024-03-21 18:02:20,050 - INFO - User 20pa1a0521@vishnu.edu.in Accessed Projects List.pdf
2024-03-21 18:03:02,862 - INFO - User 20pa1a0521@vishnu.edu.in Accessed 4463863494.pdf
2024-03-21 18:06:16,851 - WARNING - User 20pa1a0521@vishnu.edu.in Log in Attempt Failed
2024-03-21 18:06:22,913 - INFO - User 20pa1a0521@vishnu.edu.in logged in successfully
2024-03-21 18:06:22,926 - INFO - User 20pa1a0521@vishnu.edu.in Access profile successfully
2024-03-21 18:07:14,460 - INFO - User 20pa1a0521@vishnu.edu.in logged in successfully
2024-03-21 18:07:14,474 - INFO - User 20pa1a0521@vishnu.edu.in Access profile successfully
2024-03-21 18:07:21,184 - INFO - User 20pa1a0521@vishnu.edu.in Accessed fire.pdf
2024-03-21 18:10:37,932 - INFO - User 20pa1a0521@vishnu.edu.in logged in successfully
2024-03-21 18:10:37,944 - INFO - User 20pa1a0521@vishnu.edu.in Access profile successfully
2024-03-21 18:10:42,113 - INFO - User 20pa1a0521@vishnu.edu.in Accessed Untitled document.pdf
2024-03-21 19:03:54,282 - INFO - User 20pa1a0521@vishnu.edu.in logged in successfully
2024-03-21 19:03:54,292 - INFO - User 20pa1a0521@vishnu.edu.in Access profile successfully
2024-03-21 19:25:10,374 - INFO - User binarybrains@gmail.com registered successfully
2024-03-21 19:25:16,545 - INFO - User binarybrains@gmail.com logged in successfully
2024-03-21 19:25:16,555 - INFO - User binarybrains@gmail.com Access profile successfully
2024-03-21 19:25:30,812 - INFO - User binarybrains@gmail.com Accessed Untitled document.pdf
2024-03-21 19:27:37,759 - INFO - User binarybrains@gmail.com logged in successfully
2024-03-21 19:27:37,766 - INFO - User binarybrains@gmail.com Access profile successfully
2024-03-21 19:27:45,889 - INFO - User binarybrains@gmail.com Accessed fire.pdf
2024-03-24 21:32:58,593 - INFO - User 20pa1a0521@vishnu.edu.in logged in successfully
2024-03-24 21:32:58,603 - INFO - User 20pa1a0521@vishnu.edu.in Access profile successfully
2024-03-24 21:33:07,821 - INFO - User 20pa1a0521@vishnu.edu.in Access profile successfully
2024-03-24 21:33:30,719 - WARNING - User binarybrains2001@gmail.com Log in Attempt Failed
2024-03-24 21:33:57,600 - INFO - User logiclobes@gmail.com registered successfully
2024-03-24 21:34:03,904 - INFO - User logiclobes@gmail.com logged in successfully
2024-03-24 21:34:03,920 - INFO - User logiclobes@gmail.com Access profile successfully
2024-03-25 09:22:38,426 - INFO - User 20pa1a0521@vishnu.edu.in logged in successfully
2024-03-25 09:22:38,438 - INFO - User 20pa1a0521@vishnu.edu.in Access profile successfully
2024-03-26 10:41:57,826 - INFO - User 20pa1a0521@vishnu.edu.in logged in successfully
2024-03-26 10:41:57,838 - INFO - User 20pa1a0521@vishnu.edu.in Access profile successfully
2024-03-26 10:42:41,112 - INFO - User 20pa1a0521@vishnu.edu.in logged in successfully
2024-03-26 10:42:41,132 - INFO - User 20pa1a0521@vishnu.edu.in Access profile successfully
2024-03-26 14:51:09,170 - INFO - User 20pa1a0521@vishnu.edu.in logged in successfully
2024-03-26 14:51:09,184 - INFO - User 20pa1a0521@vishnu.edu.in Access profile successfully
2024-03-26 14:56:37,288 - INFO - User 20pa1a0521@vishnu.edu.in logged in successfully
2024-03-26 14:56:37,344 - INFO - User 20pa1a0521@vishnu.edu.in Access profile successfully
2024-04-07 18:22:48,928 - INFO - User 20pa1a0521@vishnu.edu.in logged in successfully
2024-04-07 18:22:48,945 - INFO - User 20pa1a0521@vishnu.edu.in Access profile successfully
